<?xml version="1.0" encoding="UTF-8"?>
<testng-results skipped="0" failed="0" total="1" passed="1">
  <reporter-output>
  </reporter-output>
  <suite name="Example test run" duration-ms="5322" started-at="2017-06-27T21:48:51Z" finished-at="2017-06-27T21:48:57Z">
    <groups>
    </groups>
    <test name="Simple Test" duration-ms="5322" started-at="2017-06-27T21:48:51Z" finished-at="2017-06-27T21:48:57Z">
      <class name="GoogleLandingPage">
        <test-method status="PASS" signature="testSetUp()[pri:0, instance:GoogleLandingPage@880ec60]" name="testSetUp" is-config="true" duration-ms="2533" started-at="2017-06-27T18:48:51Z" finished-at="2017-06-27T18:48:54Z">
          <reporter-output>
          </reporter-output>
        </test-method> <!-- testSetUp -->
        <test-method status="PASS" signature="verifyGooglePageTittle()[pri:0, instance:GoogleLandingPage@880ec60]" name="verifyGooglePageTittle" duration-ms="2265" started-at="2017-06-27T18:48:54Z" finished-at="2017-06-27T18:48:56Z">
          <reporter-output>
          </reporter-output>
        </test-method> <!-- verifyGooglePageTittle -->
        <test-method status="PASS" signature="tearDown()[pri:0, instance:GoogleLandingPage@880ec60]" name="tearDown" is-config="true" duration-ms="517" started-at="2017-06-27T18:48:56Z" finished-at="2017-06-27T18:48:57Z">
          <reporter-output>
          </reporter-output>
        </test-method> <!-- tearDown -->
      </class> <!-- GoogleLandingPage -->
    </test> <!-- Simple Test -->
  </suite> <!-- Example test run -->
</testng-results>
