<?xml version="1.0" encoding="UTF-8"?>
<testng-results skipped="0" failed="0" total="1" passed="1">
  <reporter-output>
  </reporter-output>
  <suite name="Example test run" duration-ms="8957" started-at="2017-06-26T14:30:07Z" finished-at="2017-06-26T14:30:16Z">
    <groups>
    </groups>
    <test name="Simple Test" duration-ms="8957" started-at="2017-06-26T14:30:07Z" finished-at="2017-06-26T14:30:16Z">
      <class name="GoogleHomePageTest">
        <test-method status="PASS" signature="testSetUp()[pri:0, instance:GoogleHomePageTest@880ec60]" name="testSetUp" is-config="true" duration-ms="6302" started-at="2017-06-26T11:30:07Z" finished-at="2017-06-26T11:30:14Z">
          <reporter-output>
          </reporter-output>
        </test-method> <!-- testSetUp -->
        <test-method status="PASS" signature="verifyGooglePageTittle()[pri:0, instance:GoogleHomePageTest@880ec60]" name="verifyGooglePageTittle" duration-ms="2007" started-at="2017-06-26T11:30:14Z" finished-at="2017-06-26T11:30:16Z">
          <reporter-output>
          </reporter-output>
        </test-method> <!-- verifyGooglePageTittle -->
        <test-method status="PASS" signature="tearDown()[pri:0, instance:GoogleHomePageTest@880ec60]" name="tearDown" is-config="true" duration-ms="631" started-at="2017-06-26T11:30:16Z" finished-at="2017-06-26T11:30:16Z">
          <reporter-output>
          </reporter-output>
        </test-method> <!-- tearDown -->
      </class> <!-- GoogleHomePageTest -->
    </test> <!-- Simple Test -->
  </suite> <!-- Example test run -->
</testng-results>
