<?xml version="1.0" encoding="UTF-8"?>
<!-- Generated by org.testng.reporters.JUnitXMLReporter -->
<testsuite hostname="Babieca" tests="1" failures="1" timestamp="27 Jun 2017 23:00:49 GMT" time="17.407" errors="0">
  <testcase name="verifyWikepediaPageTittle" time="16.52" classname="GoogleDiverTest">
    <failure type="java.lang.AssertionError" message="expected [Cats - Wikipedia, la enciclopedia libre] but found [Google]">
      <![CDATA[java.lang.AssertionError: expected [Cats - Wikipedia, la enciclopedia libre] but found [Google]
	at GoogleDiverTest.verifyWikepediaPageTittle(GoogleDiverTest.java:57)
... Removed 32 stack frames]]>
    </failure>
  </testcase> <!-- verifyWikepediaPageTittle -->
</testsuite>
